0 info it worked if it ends with ok
1 verbose cli [ '/usr/local/Cellar/node/0.10.21/bin/node',
1 verbose cli   '/usr/local/bin/npm',
1 verbose cli   'uninstall',
1 verbose cli   '-g',
1 verbose cli   'cordova' ]
2 info using npm@1.3.11
3 info using node@v0.10.21
4 info /usr/local/lib/node_modules/cordova unbuild
5 info preuninstall cordova@3.3.1-0.1.2
6 info uninstall cordova@3.3.1-0.1.2
7 verbose true,/usr/local/lib/node_modules,/usr/local/lib/node_modules unbuild cordova@3.3.1-0.1.2
8 verbose /usr/local/bin,[object Object] binRoot
9 info postuninstall cordova@3.3.1-0.1.2
10 error Error: EACCES, unlink '/usr/local/lib/node_modules/cordova/.npmignore'
10 error  { [Error: EACCES, unlink '/usr/local/lib/node_modules/cordova/.npmignore']
10 error   errno: 3,
10 error   code: 'EACCES',
10 error   path: '/usr/local/lib/node_modules/cordova/.npmignore' }
11 error Please try running this command again as root/Administrator.
12 error System Darwin 13.0.0
13 error command "/usr/local/Cellar/node/0.10.21/bin/node" "/usr/local/bin/npm" "uninstall" "-g" "cordova"
14 error cwd /Applications/XAMPP/xamppfiles/htdocs/angular-mobile-demo
15 error node -v v0.10.21
16 error npm -v 1.3.11
17 error path /usr/local/lib/node_modules/cordova/.npmignore
18 error code EACCES
19 error errno 3
20 error stack Error: EACCES, unlink '/usr/local/lib/node_modules/cordova/.npmignore'
21 verbose exit [ 3, true ]
